<?xml version="1.0" encoding="UTF-8"?>
<!-- Generated by org.testng.reporters.JUnitReportReporter -->
<testsuite skipped="0" hostname="Nil-MacBook-Air.local" name="testcases.AddRemoveFromFavesTest" tests="3" failures="0" timestamp="16 Apr 2020 21:45:58 GMT" time="18.530" errors="0">
  <testcase name="SearchProduct" time="7.977" classname="testcases.AddRemoveFromFavesTest"/>
  <testcase name="AddProductToFaveList" time="5.818" classname="testcases.AddRemoveFromFavesTest"/>
  <testcase name="RemoveProductFromFaveList" time="4.735" classname="testcases.AddRemoveFromFavesTest"/>
</testsuite> <!-- testcases.AddRemoveFromFavesTest -->
