<?xml version="1.0" encoding="UTF-8"?>
<!-- Generated by org.testng.reporters.JUnitReportReporter -->
<testsuite skipped="0" hostname="Nil-MacBook-Air.local" name="testcases.FavorilerimPageTest" tests="3" failures="0" timestamp="15 Apr 2020 21:12:08 GMT" time="10.133" errors="0">
  <testcase name="Search" time="9.378" classname="testcases.FavorilerimPageTest"/>
  <testcase name="FavorilereEkle" time="0.749" classname="testcases.FavorilerimPageTest"/>
  <testcase name="FavorilerdenKaldir" time="0.006" classname="testcases.FavorilerimPageTest"/>
</testsuite> <!-- testcases.FavorilerimPageTest -->
