<?xml version="1.0" encoding="UTF-8"?>
<!-- Generated by org.testng.reporters.JUnitReportReporter -->
<testsuite skipped="0" hostname="Nil-MacBook-Air.local" name="testcases.AddToCartTest" tests="1" failures="0" timestamp="07 Apr 2020 10:26:52 GMT" time="7.483" errors="0">
  <testcase name="AddToCart" time="7.483" classname="testcases.AddToCartTest"/>
</testsuite> <!-- testcases.AddToCartTest -->
