<?xml version="1.0" encoding="UTF-8"?>
<!-- Generated by org.testng.reporters.JUnitReportReporter -->
<testsuite skipped="0" hostname="Nil-MacBook-Air.local" name="testcases.LoginPageTest" tests="2" failures="0" timestamp="15 Apr 2020 15:18:50 GMT" time="3.714" errors="0">
  <testcase name="gotoLoginPageTest" time="2.441" classname="testcases.LoginPageTest"/>
  <testcase name="LoginSite" time="1.273" classname="testcases.LoginPageTest"/>
</testsuite> <!-- testcases.LoginPageTest -->
