<?xml version="1.0" encoding="UTF-8"?>
<!-- Generated by org.testng.reporters.JUnitReportReporter -->
<testsuite skipped="0" hostname="Nil-MacBook-Air.local" name="testcases.AddRemoveFromFavesTest" tests="3" failures="0" timestamp="16 Apr 2020 15:28:02 GMT" time="25.360" errors="0">
  <testcase name="SearchProduct" time="12.232" classname="testcases.AddRemoveFromFavesTest"/>
  <testcase name="AddProductToFaveList" time="9.342" classname="testcases.AddRemoveFromFavesTest"/>
  <testcase name="RemoveProductFromFaveList" time="3.786" classname="testcases.AddRemoveFromFavesTest"/>
</testsuite> <!-- testcases.AddRemoveFromFavesTest -->
