<?xml version="1.0" encoding="UTF-8"?>
<!-- Generated by org.testng.reporters.JUnitReportReporter -->
<testsuite skipped="0" hostname="Nil-MacBook-Air.local" name="automation.FirstTest" tests="1" failures="0" timestamp="13 Mar 2020 12:00:12 GMT" time="17.748" errors="0">
  <testcase name="TestMethod" time="17.748" classname="automation.FirstTest"/>
</testsuite> <!-- automation.FirstTest -->
